<?xml version="1.0" encoding="UTF-8"?>
<!-- Generated by org.testng.reporters.JUnitXMLReporter -->
<testsuite hostname="Davidoff" ignored="0" name="Default test" tests="7" failures="0" timestamp="17 אוג 2021 11:16:12 GMT" time="15.781" errors="0">
  <testcase name="test01_creatItems" time="0.032" classname="todoApp.todosTest"/>
  <testcase name="test02_filterCompleted" time="0.189" classname="todoApp.todosTest"/>
  <testcase name="test03_filterActive" time="0.189" classname="todoApp.todosTest"/>
  <testcase name="test04_clearComplete" time="0.174" classname="todoApp.todosTest"/>
  <testcase name="test05_itemsLeft" time="0.034" classname="todoApp.todosTest"/>
  <testcase name="test06_renameIteme" time="0.638" classname="todoApp.todosTest"/>
  <testcase name="test07_deleteIteme" time="0.315" classname="todoApp.todosTest"/>
</testsuite> <!-- Default test -->
